<?xml version="1.0" encoding="UTF-8"?>
<!-- Generated by org.testng.reporters.JUnitXMLReporter -->
<testsuite ignored="0" hostname="DESKTOP-J7791LE" failures="0" tests="5" name="Default test" time="6.476" errors="0" timestamp="2022-05-30T14:55:40 IST">
  <testcase classname="TestNG.EditboxusingTestNG" name="Email" time="2.167"/>
  <testcase classname="TestNG.EditboxusingTestNG" name="Append" time="2.114"/>
  <testcase classname="TestNG.EditboxusingTestNG" name="DefaultText" time="0.058"/>
  <testcase classname="TestNG.EditboxusingTestNG" name="clear" time="0.046"/>
  <testcase classname="TestNG.EditboxusingTestNG" name="confirmbox" time="2.053"/>
</testsuite> <!-- Default test -->
